[debug] [2025-09-04T23:19:58.763Z] ----------------------------------------------------------------------
[debug] [2025-09-04T23:19:58.766Z] Command:       /opt/homebrew/Cellar/node/24.5.0/bin/node /opt/homebrew/bin/firebase init
[debug] [2025-09-04T23:19:58.767Z] CLI Version:   14.15.2
[debug] [2025-09-04T23:19:58.767Z] Platform:      darwin
[debug] [2025-09-04T23:19:58.767Z] Node Version:  v24.5.0
[debug] [2025-09-04T23:19:58.767Z] Time:          Fri Sep 05 2025 04:49:58 GMT+0530 (India Standard Time)
[debug] [2025-09-04T23:19:58.767Z] ----------------------------------------------------------------------
[debug] 
[debug] [2025-09-04T23:19:58.938Z] > command requires scopes: ["email","openid","https://www.googleapis.com/auth/cloudplatformprojects.readonly","https://www.googleapis.com/auth/firebase","https://www.googleapis.com/auth/cloud-platform"]
[debug] [2025-09-04T23:19:58.939Z] > authorizing via signed-in user (triggermachine92@gmail.com)
[info] 
     ######## #### ########  ######## ########     ###     ######  ########
     ##        ##  ##     ## ##       ##     ##  ##   ##  ##       ##
     ######    ##  ########  ######   ########  #########  ######  ######
     ##        ##  ##    ##  ##       ##     ## ##     ##       ## ##
     ##       #### ##     ## ######## ########  ##     ##  ######  ########

You're about to initialize a Firebase project in this directory:

  /Users/shauryasingh/Desktop/carbonctrl

Before we get started, keep in mind:

  * You are initializing within an existing Firebase project directory

[debug] [2025-09-04T23:20:15.356Z] ExitPromptError: User force closed the prompt with SIGINT
    at Interface.sigint (/opt/homebrew/lib/node_modules/firebase-tools/node_modules/@inquirer/core/dist/commonjs/lib/create-prompt.js:101:37)
    at Interface.emit (node:events:507:28)
    at Interface.emit (node:domain:489:12)
    at [_ttyWrite] [as _ttyWrite] (node:internal/readline/interface:1315:18)
    at ReadStream.onkeypress (node:internal/readline/interface:284:20)
    at ReadStream.emit (node:events:519:35)
    at ReadStream.emit (node:domain:489:12)
    at emitKeys (node:internal/readline/utils:371:14)
    at emitKeys.next (<anonymous>)
    at ReadStream.onData (node:internal/readline/emitKeypressEvents:64:36)
[error] 
[error] Error: An unexpected error has occurred.
